<?xml version="1.0" encoding="UTF-8"?>
<testng-results skipped="0" failed="0" ignored="0" total="1" passed="1">
  <reporter-output>
  </reporter-output>
  <suite name="Default suite" duration-ms="12985" started-at="2020-12-08T12:44:14 IST" finished-at="2020-12-08T12:44:27 IST">
    <groups>
    </groups>
    <test name="Default test" duration-ms="12985" started-at="2020-12-08T12:44:14 IST" finished-at="2020-12-08T12:44:27 IST">
      <class name="com.pratian.pas.automation.TestClasses.TestLogin">
        <test-method status="PASS" signature="setUp()[pri:0, instance:com.pratian.pas.automation.TestClasses.TestLogin@5e853265]" name="setUp" is-config="true" duration-ms="7940" started-at="2020-12-08T12:44:14 IST" finished-at="2020-12-08T12:44:22 IST">
          <reporter-output>
          </reporter-output>
        </test-method> <!-- setUp -->
        <test-method status="PASS" signature="checkLoginLink()[pri:0, instance:com.pratian.pas.automation.TestClasses.TestLogin@5e853265]" name="checkLoginLink" duration-ms="4741" started-at="2020-12-08T12:44:22 IST" finished-at="2020-12-08T12:44:27 IST">
          <reporter-output>
          </reporter-output>
        </test-method> <!-- checkLoginLink -->
        <test-method status="PASS" signature="tearDown()[pri:0, instance:com.pratian.pas.automation.TestClasses.TestLogin@5e853265]" name="tearDown" is-config="true" duration-ms="254" started-at="2020-12-08T12:44:27 IST" finished-at="2020-12-08T12:44:27 IST">
          <reporter-output>
          </reporter-output>
        </test-method> <!-- tearDown -->
      </class> <!-- com.pratian.pas.automation.TestClasses.TestLogin -->
    </test> <!-- Default test -->
  </suite> <!-- Default suite -->
</testng-results>
